<?xml version="1.0" encoding="UTF-8"?>
<!-- Generated by org.testng.reporters.JUnitReportReporter -->
<testsuite skipped="0" hostname="JAGA-PC" name="TestNG.Para.Group.NewTest1" tests="3" failures="0" timestamp="27 Nov 2016 11:27:06 GMT" time="0.016" errors="0">
  <testcase name="addProduct" time="0.005" classname="TestNG.Para.Group.NewTest1"/>
  <testcase name="addVendor" time="0.008" classname="TestNG.Para.Group.NewTest1"/>
  <testcase name="addCurrency" time="0.003" classname="TestNG.Para.Group.NewTest1"/>
</testsuite> <!-- TestNG.Para.Group.NewTest1 -->
