<?xml version="1.0" encoding="UTF-8"?>
<!-- Generated by org.testng.reporters.JUnitReportReporter -->
<testsuite skipped="0" hostname="JAGA-PC" name="TestNG.Para.Group.NewTest3" tests="5" failures="0" timestamp="27 Nov 2016 11:50:27 GMT" time="0.024" errors="0">
  <testcase name="fundTransfer" time="0.001" classname="TestNG.Para.Group.NewTest3"/>
  <testcase name="billPayments" time="0.001" classname="TestNG.Para.Group.NewTest3"/>
  <testcase name="advancedSearch" time="0.018" classname="TestNG.Para.Group.NewTest3"/>
  <testcase name="prePaidRecharge" time="0.002" classname="TestNG.Para.Group.NewTest3"/>
  <testcase name="search" time="0.002" classname="TestNG.Para.Group.NewTest3"/>
</testsuite> <!-- TestNG.Para.Group.NewTest3 -->
