<?xml version="1.0" encoding="UTF-8"?>
<!-- Generated by org.testng.reporters.JUnitReportReporter -->
<testsuite skipped="0" hostname="JAGA" name="testNG_Concepts.Mutliple_Tests" tests="4" failures="0" timestamp="26 Oct 2018 03:06:57 GMT" time="0.031" errors="0">
  <testcase name="testMath" time="0.000" classname="testNG_Concepts.Mutliple_Tests"/>
  <testcase name="testB" time="0.000" classname="testNG_Concepts.Mutliple_Tests"/>
  <testcase name="testA" time="0.031" classname="testNG_Concepts.Mutliple_Tests"/>
  <testcase name="testC" time="0.000" classname="testNG_Concepts.Mutliple_Tests"/>
</testsuite> <!-- testNG_Concepts.Mutliple_Tests -->
