<?xml version="1.0" encoding="UTF-8"?>
<!-- Generated by org.testng.reporters.JUnitReportReporter -->
<testsuite skipped="0" hostname="JAGA-PC" name="TestNGtests.Priority" tests="4" failures="0" timestamp="27 Nov 2016 10:45:33 GMT" time="67.033" errors="0">
  <testcase name="launchBrowser" time="10.232" classname="TestNGtests.Priority"/>
  <testcase name="closeBrowser" time="0.047" classname="TestNGtests.Priority"/>
  <testcase name="verifyPageTitle1" time="17.527" classname="TestNGtests.Priority"/>
  <testcase name="verifyPageTitle2" time="39.227" classname="TestNGtests.Priority"/>
</testsuite> <!-- TestNGtests.Priority -->
