<?xml version="1.0" encoding="UTF-8"?>
<!-- Generated by org.testng.reporters.JUnitReportReporter -->
<testsuite skipped="0" hostname="JAGA" name="testNG_Concepts.DependsOnMethods" tests="3" failures="0" timestamp="26 Oct 2018 03:05:25 GMT" time="0.032" errors="0">
  <testcase name="login" time="0.032" classname="testNG_Concepts.DependsOnMethods"/>
  <testcase name="logout" time="0.000" classname="testNG_Concepts.DependsOnMethods"/>
  <testcase name="search" time="0.000" classname="testNG_Concepts.DependsOnMethods"/>
</testsuite> <!-- testNG_Concepts.DependsOnMethods -->
