<?xml version="1.0" encoding="UTF-8"?>
<!-- Generated by org.testng.reporters.JUnitReportReporter -->
<testsuite skipped="0" hostname="JAGA-PC" name="TestNGtests.Ajax" tests="1" failures="0" timestamp="30 Nov 2016 14:22:17 GMT" time="11.374" errors="0">
  <testcase name="test_AjaxCalls" time="11.374" classname="TestNGtests.Ajax"/>
</testsuite> <!-- TestNGtests.Ajax -->
