<?xml version="1.0" encoding="UTF-8"?>
<!-- Generated by org.testng.reporters.JUnitReportReporter -->
<testsuite skipped="0" hostname="JAGA" name="testNG_Concepts.BeforeGroups_Test_AfterGroups" tests="5" failures="0" timestamp="23 Nov 2018 04:20:14 GMT" time="0.047" errors="0">
  <testcase name="addAddress" time="0.047" classname="testNG_Concepts.BeforeGroups_Test_AfterGroups"/>
  <testcase name="searchProduct" time="0.000" classname="testNG_Concepts.BeforeGroups_Test_AfterGroups"/>
  <testcase name="addProduct" time="0.000" classname="testNG_Concepts.BeforeGroups_Test_AfterGroups"/>
  <testcase name="payMoney" time="0.000" classname="testNG_Concepts.BeforeGroups_Test_AfterGroups"/>
  <testcase name="placeOrder" time="0.000" classname="testNG_Concepts.BeforeGroups_Test_AfterGroups"/>
</testsuite> <!-- testNG_Concepts.BeforeGroups_Test_AfterGroups -->
