<?xml version="1.0" encoding="UTF-8"?>
<!-- Generated by org.testng.reporters.JUnitReportReporter -->
<testsuite skipped="0" hostname="JAGA" name="datadrivenTest.DatadrivenTestToReadExcel" tests="3" failures="0" timestamp="31 Jul 2017 16:01:22 GMT" time="0.072" errors="0">
  <testcase name="add" time="0.000" classname="datadrivenTest.DatadrivenTestToReadExcel"/>
  <testcase name="add" time="0.000" classname="datadrivenTest.DatadrivenTestToReadExcel"/>
  <testcase name="add" time="0.072" classname="datadrivenTest.DatadrivenTestToReadExcel"/>
</testsuite> <!-- datadrivenTest.DatadrivenTestToReadExcel -->
