<?xml version="1.0" encoding="UTF-8"?>
<!-- Generated by org.testng.reporters.JUnitReportReporter -->
<testsuite skipped="1" hostname="JAGA" name="testNG_Concepts.Multiple_Tests_Priority" tests="6" failures="0" timestamp="26 Oct 2018 03:06:09 GMT" time="0.078" errors="0">
  <testcase name="testB" time="0.000" classname="testNG_Concepts.Multiple_Tests_Priority"/>
  <testcase name="testAA" time="0.062" classname="testNG_Concepts.Multiple_Tests_Priority"/>
  <testcase name="testC" time="0.000" classname="testNG_Concepts.Multiple_Tests_Priority"/>
  <testcase name="testBB" time="0.016" classname="testNG_Concepts.Multiple_Tests_Priority"/>
  <testcase name="testCC" time="0.000" classname="testNG_Concepts.Multiple_Tests_Priority"/>
  <testcase name="testA" classname="testNG_Concepts.Multiple_Tests_Priority">
    <skipped/>
  </testcase> <!-- testA -->
</testsuite> <!-- testNG_Concepts.Multiple_Tests_Priority -->
