<?xml version="1.0" encoding="UTF-8"?>
<!-- Generated by org.testng.reporters.JUnitReportReporter -->
<testsuite skipped="0" hostname="JAGA" name="testNG_Parallel_Grouping.testNGAnnotationExecutionOrder" tests="1" failures="0" timestamp="25 Sep 2018 03:54:44 GMT" time="0.012" errors="0">
  <testcase name="testMethod" time="0.012" classname="testNG_Parallel_Grouping.testNGAnnotationExecutionOrder"/>
</testsuite> <!-- testNG_Parallel_Grouping.testNGAnnotationExecutionOrder -->
