<?xml version="1.0" encoding="UTF-8"?>
<!-- Generated by org.testng.reporters.JUnitReportReporter -->
<testsuite skipped="0" hostname="JAGA-PC" name="TestNG.Para.Group.NewTest4" tests="3" failures="0" timestamp="27 Nov 2016 12:09:39 GMT" time="0.035" errors="0">
  <testcase name="testCase3" time="0.012" classname="TestNG.Para.Group.NewTest4"/>
  <testcase name="testCase1" time="0.020" classname="TestNG.Para.Group.NewTest4"/>
  <testcase name="testCase2" time="0.003" classname="TestNG.Para.Group.NewTest4"/>
</testsuite> <!-- TestNG.Para.Group.NewTest4 -->
