<?xml version="1.0" encoding="UTF-8"?>
<!-- Generated by org.testng.reporters.JUnitReportReporter -->
<testsuite skipped="0" hostname="JAGA" name="testNG_Concepts.testNGAnnotationExecutionOrder" tests="1" failures="0" timestamp="26 Oct 2018 02:48:42 GMT" time="0.015" errors="0">
  <testcase name="testMethod" time="0.015" classname="testNG_Concepts.testNGAnnotationExecutionOrder"/>
</testsuite> <!-- testNG_Concepts.testNGAnnotationExecutionOrder -->
