<?xml version="1.0" encoding="UTF-8"?>
<!-- Generated by org.testng.reporters.JUnitReportReporter -->
<testsuite skipped="0" hostname="JAGA-PC" name="TestNGtests.Multiple_tests_priority" tests="2" failures="0" timestamp="27 Nov 2016 07:41:38 GMT" time="0.022" errors="0">
  <testcase name="testB" time="0.020" classname="TestNGtests.Multiple_tests_priority"/>
  <testcase name="testC" time="0.002" classname="TestNGtests.Multiple_tests_priority"/>
</testsuite> <!-- TestNGtests.Multiple_tests_priority -->
