<?xml version="1.0" encoding="UTF-8"?>
<!-- Generated by org.testng.reporters.JUnitReportReporter -->
<testsuite skipped="0" hostname="JAGA" name="testNG_Concepts.Test_With_Thread" tests="4" failures="0" timestamp="26 Sep 2018 03:14:15 GMT" time="0.075" errors="0">
  <testcase name="logout" time="0.015" classname="testNG_Concepts.Test_With_Thread"/>
  <testcase name="placeOrder" time="0.030" classname="testNG_Concepts.Test_With_Thread"/>
  <testcase name="search" time="0.000" classname="testNG_Concepts.Test_With_Thread"/>
  <testcase name="login" time="0.030" classname="testNG_Concepts.Test_With_Thread"/>
</testsuite> <!-- testNG_Concepts.Test_With_Thread -->
