<?xml version="1.0" encoding="UTF-8"?>
<!-- Generated by org.testng.reporters.JUnitReportReporter -->
<testsuite skipped="0" hostname="JAGA-PC" name="TestNG.Para.Group.NewTest2" tests="3" failures="0" timestamp="27 Nov 2016 11:27:06 GMT" time="0.014" errors="0">
  <testcase name="deleteVendor" time="0.002" classname="TestNG.Para.Group.NewTest2"/>
  <testcase name="deleteCurrency" time="0.005" classname="TestNG.Para.Group.NewTest2"/>
  <testcase name="deleteProduct" time="0.007" classname="TestNG.Para.Group.NewTest2"/>
</testsuite> <!-- TestNG.Para.Group.NewTest2 -->
