<?xml version="1.0" encoding="UTF-8"?>
<!-- Generated by org.testng.reporters.JUnitReportReporter -->
<testsuite skipped="0" hostname="JAGA" name="testNG_Concepts.BeforeGroups_Test_AfterGroups" tests="2" failures="0" timestamp="26 Sep 2018 02:58:02 GMT" time="0.016" errors="0">
  <testcase name="addAddress" time="0.016" classname="testNG_Concepts.BeforeGroups_Test_AfterGroups"/>
  <testcase name="payMoney" time="0.000" classname="testNG_Concepts.BeforeGroups_Test_AfterGroups"/>
</testsuite> <!-- testNG_Concepts.BeforeGroups_Test_AfterGroups -->
