<?xml version="1.0" encoding="UTF-8"?>
<!-- Generated by org.testng.reporters.JUnitReportReporter -->
<testsuite skipped="0" hostname="JAGA" name="testNG_Concepts.BeforeTest_Test_AfterTest" tests="5" failures="0" timestamp="26 Oct 2018 03:03:43 GMT" time="0.016" errors="0">
  <testcase name="searchProduct" time="0.016" classname="testNG_Concepts.BeforeTest_Test_AfterTest"/>
  <testcase name="addProduct" time="0.000" classname="testNG_Concepts.BeforeTest_Test_AfterTest"/>
  <testcase name="addAddress" time="0.000" classname="testNG_Concepts.BeforeTest_Test_AfterTest"/>
  <testcase name="payMoney" time="0.000" classname="testNG_Concepts.BeforeTest_Test_AfterTest"/>
  <testcase name="placeOrder" time="0.000" classname="testNG_Concepts.BeforeTest_Test_AfterTest"/>
</testsuite> <!-- testNG_Concepts.BeforeTest_Test_AfterTest -->
