<?xml version="1.0" encoding="UTF-8"?>
<!-- Generated by org.testng.reporters.JUnitReportReporter -->
<testsuite skipped="0" hostname="JAGA" name="testNG_Concepts.testNGAnnotationExecutionOrder" tests="1" failures="0" timestamp="26 Sep 2018 03:04:42 GMT" time="0.016" errors="0">
  <testcase name="testMethod" time="0.016" classname="testNG_Concepts.testNGAnnotationExecutionOrder"/>
</testsuite> <!-- testNG_Concepts.testNGAnnotationExecutionOrder -->
