<?xml version="1.0" encoding="UTF-8"?>
<!-- Generated by org.testng.reporters.JUnitReportReporter -->
<testsuite skipped="0" hostname="JAGA-PC" name="TestNG.Para.Group.NewTest5" tests="3" failures="0" timestamp="27 Nov 2016 12:09:39 GMT" time="0.024" errors="0">
  <testcase name="testCase6" time="0.001" classname="TestNG.Para.Group.NewTest5"/>
  <testcase name="testCase4" time="0.020" classname="TestNG.Para.Group.NewTest5"/>
  <testcase name="testCase5" time="0.003" classname="TestNG.Para.Group.NewTest5"/>
</testsuite> <!-- TestNG.Para.Group.NewTest5 -->
