<?xml version="1.0" encoding="UTF-8"?>
<!-- Generated by org.testng.reporters.JUnitReportReporter -->
<testsuite skipped="0" hostname="JAGA" name="testNG_Concepts.Test_With_Thread" tests="4" failures="0" timestamp="26 Oct 2018 03:13:10 GMT" time="0.080" errors="0">
  <testcase name="placeOrder" time="0.000" classname="testNG_Concepts.Test_With_Thread"/>
  <testcase name="logout" time="0.033" classname="testNG_Concepts.Test_With_Thread"/>
  <testcase name="login" time="0.031" classname="testNG_Concepts.Test_With_Thread"/>
  <testcase name="search" time="0.016" classname="testNG_Concepts.Test_With_Thread"/>
</testsuite> <!-- testNG_Concepts.Test_With_Thread -->
