<?xml version="1.0" encoding="UTF-8"?>
<!-- Generated by org.testng.reporters.JUnitReportReporter -->
<testsuite skipped="0" hostname="JAGA" name="testNG_Concepts.BeforeClass_Test_AfterClass" tests="5" failures="0" timestamp="26 Oct 2018 02:50:24 GMT" time="0.015" errors="0">
  <testcase name="searchProduct" time="0.015" classname="testNG_Concepts.BeforeClass_Test_AfterClass"/>
  <testcase name="addProduct" time="0.000" classname="testNG_Concepts.BeforeClass_Test_AfterClass"/>
  <testcase name="addAddress" time="0.000" classname="testNG_Concepts.BeforeClass_Test_AfterClass"/>
  <testcase name="payMoney" time="0.000" classname="testNG_Concepts.BeforeClass_Test_AfterClass"/>
  <testcase name="placeOrder" time="0.000" classname="testNG_Concepts.BeforeClass_Test_AfterClass"/>
</testsuite> <!-- testNG_Concepts.BeforeClass_Test_AfterClass -->
