<?xml version="1.0" encoding="UTF-8"?>
<!-- Generated by org.testng.reporters.JUnitReportReporter -->
<testsuite skipped="0" hostname="JAGA" name="testNG_Concepts.BeforeClass_Test_AfterClass" tests="1" failures="0" timestamp="26 Sep 2018 03:07:06 GMT" time="0.022" errors="0">
  <testcase name="searchProduct" time="0.022" classname="testNG_Concepts.BeforeClass_Test_AfterClass"/>
</testsuite> <!-- testNG_Concepts.BeforeClass_Test_AfterClass -->
