<?xml version="1.0" encoding="UTF-8"?>
<!-- Generated by org.testng.reporters.JUnitReportReporter -->
<testsuite skipped="0" hostname="JAGA" name="testNG_Concepts.BeforeTest_Test_AfterTest" tests="1" failures="0" timestamp="26 Sep 2018 03:07:06 GMT" time="0.006" errors="0">
  <testcase name="searchProduct" time="0.006" classname="testNG_Concepts.BeforeTest_Test_AfterTest"/>
</testsuite> <!-- testNG_Concepts.BeforeTest_Test_AfterTest -->
