<?xml version="1.0" encoding="UTF-8"?>
<!-- Generated by org.testng.reporters.JUnitReportReporter -->
<testsuite skipped="0" hostname="JAGA-PC" name="DataDrivenTest.Datadriven" tests="2" failures="0" timestamp="27 Nov 2016 16:14:41 GMT" time="42.629" errors="0">
  <testcase name="login" time="22.500" classname="DataDrivenTest.Datadriven"/>
  <testcase name="login" time="20.129" classname="DataDrivenTest.Datadriven"/>
</testsuite> <!-- DataDrivenTest.Datadriven -->
