<?xml version="1.0" encoding="UTF-8"?>
<!-- Generated by org.testng.reporters.JUnitReportReporter -->
<testsuite skipped="0" hostname="JAGA" name="testNG_Concepts.Test_With_Threads" tests="3" failures="0" timestamp="26 Sep 2018 03:13:08 GMT" time="0.016" errors="0">
  <testcase name="addShipDetail" time="0.000" classname="testNG_Concepts.Test_With_Threads"/>
  <testcase name="payMoney" time="0.000" classname="testNG_Concepts.Test_With_Threads"/>
  <testcase name="addProduct" time="0.016" classname="testNG_Concepts.Test_With_Threads"/>
</testsuite> <!-- testNG_Concepts.Test_With_Threads -->
