<?xml version="1.0" encoding="UTF-8"?>
<!-- Generated by org.testng.reporters.JUnitReportReporter -->
<testsuite skipped="0" hostname="JAGA-PC" name="TestNGtests.Dependsonmethods" tests="4" failures="0" timestamp="27 Nov 2016 10:39:08 GMT" time="0.030" errors="0">
  <testcase name="search" time="0.002" classname="TestNGtests.Dependsonmethods"/>
  <testcase name="login" time="0.023" classname="TestNGtests.Dependsonmethods"/>
  <testcase name="logout" time="0.003" classname="TestNGtests.Dependsonmethods"/>
  <testcase name="advancedSearch" time="0.002" classname="TestNGtests.Dependsonmethods"/>
</testsuite> <!-- TestNGtests.Dependsonmethods -->
