<?xml version="1.0" encoding="UTF-8"?>
<!-- Generated by org.testng.reporters.JUnitReportReporter -->
<testsuite skipped="0" hostname="JAGA-PC" name="DataDrivenTest.Datadriven2" tests="3" failures="0" timestamp="27 Nov 2016 16:26:29 GMT" time="0.020" errors="0">
  <testcase name="add" time="0.002" classname="DataDrivenTest.Datadriven2"/>
  <testcase name="add" time="0.015" classname="DataDrivenTest.Datadriven2"/>
  <testcase name="add" time="0.003" classname="DataDrivenTest.Datadriven2"/>
</testsuite> <!-- DataDrivenTest.Datadriven2 -->
